May-14 11:26:59.332 [main] DEBUG nextflow.cli.Launcher - $> nextflow run . -resume
May-14 11:26:59.499 [main] DEBUG nextflow.cli.CmdRun - N E X T F L O W  ~  version 24.10.5
May-14 11:26:59.567 [main] DEBUG nextflow.plugin.PluginsFacade - Setting up plugin manager > mode=prod; embedded=false; plugins-dir=/home/c-ferraa/.nextflow/plugins; core-plugins: nf-amazon@2.9.2,nf-azure@1.10.2,nf-cloudcache@0.4.2,nf-codecommit@0.2.2,nf-console@1.1.4,nf-google@1.15.4,nf-tower@1.9.3,nf-wave@1.7.4
May-14 11:26:59.598 [main] INFO  o.pf4j.DefaultPluginStatusProvider - Enabled plugins: []
May-14 11:26:59.599 [main] INFO  o.pf4j.DefaultPluginStatusProvider - Disabled plugins: []
May-14 11:26:59.606 [main] INFO  org.pf4j.DefaultPluginManager - PF4J version 3.12.0 in 'deployment' mode
May-14 11:26:59.640 [main] INFO  org.pf4j.AbstractPluginManager - No plugins
May-14 11:27:00.523 [main] DEBUG nextflow.config.ConfigBuilder - Found config local: /projects/chesler-lab/csna/sv_ferraj/SVTD/repo/isoSV/nextflow.config
May-14 11:27:00.525 [main] DEBUG nextflow.config.ConfigBuilder - Parsing config file: /projects/chesler-lab/csna/sv_ferraj/SVTD/repo/isoSV/nextflow.config
May-14 11:27:00.562 [main] DEBUG n.secret.LocalSecretsProvider - Secrets store: /home/c-ferraa/.nextflow/secrets/store.json
May-14 11:27:00.569 [main] DEBUG nextflow.secret.SecretsLoader - Discovered secrets providers: [nextflow.secret.LocalSecretsProvider@767f6ee7] - activable => nextflow.secret.LocalSecretsProvider@767f6ee7
May-14 11:27:00.578 [main] DEBUG nextflow.config.ConfigBuilder - Applying config profile: `standard`
May-14 11:27:00.680 [main] WARN  nextflow.config.ConfigBuilder - It appears you have never run this project before -- Option `-resume` is ignored
May-14 11:27:00.713 [main] DEBUG nextflow.cli.CmdRun - Applied DSL=2 from script declaration
May-14 11:27:00.746 [main] DEBUG nextflow.cli.CmdRun - Launching `./main.nf` [romantic_curry] DSL2 - revision: b7add5a57b
May-14 11:27:00.748 [main] DEBUG nextflow.plugin.PluginsFacade - Plugins default=[]
May-14 11:27:00.749 [main] DEBUG nextflow.plugin.PluginsFacade - Plugins resolved requirement=[]
May-14 11:27:00.835 [main] DEBUG nextflow.Session - Session UUID: 8ae88c27-09a2-4a7b-a58f-63d76797ad9c
May-14 11:27:00.835 [main] DEBUG nextflow.Session - Run name: romantic_curry
May-14 11:27:00.836 [main] DEBUG nextflow.Session - Executor pool size: 2
May-14 11:27:00.848 [main] DEBUG nextflow.file.FilePorter - File porter settings maxRetries=3; maxTransfers=50; pollTimeout=null
May-14 11:27:00.858 [main] DEBUG nextflow.util.ThreadPoolBuilder - Creating thread pool 'FileTransfer' minSize=10; maxSize=10; workQueue=LinkedBlockingQueue[-1]; allowCoreThreadTimeout=false
May-14 11:27:00.910 [main] DEBUG nextflow.cli.CmdRun - 
  Version: 24.10.5 build 5935
  Created: 04-03-2025 17:55 UTC (12:55 EDT)
  System: Linux 5.14.0-503.22.1.el9_5.x86_64
  Runtime: Groovy 4.0.23 on OpenJDK 64-Bit Server VM 11.0.1+13-LTS
  Encoding: UTF-8 (UTF-8)
  Process: 453271@sumner044 [10.5.35.44]
  CPUs: 2 - Mem: 754.6 GB (32.1 GB) - Swap: 16 GB (6.9 GB)
May-14 11:27:00.958 [main] DEBUG nextflow.Session - Work-dir: /projects/chesler-lab/csna/sv_ferraj/SVTD/repo/isoSV/work [nfs]
May-14 11:27:00.986 [main] DEBUG nextflow.executor.ExecutorFactory - Extension executors providers=[]
May-14 11:27:01.004 [main] DEBUG nextflow.Session - Observer factory: DefaultObserverFactory
May-14 11:27:01.128 [main] DEBUG nextflow.cache.CacheFactory - Using Nextflow cache factory: nextflow.cache.DefaultCacheFactory
May-14 11:27:01.156 [main] DEBUG nextflow.util.CustomThreadPool - Creating default thread pool > poolSize: 3; maxThreads: 1000
May-14 11:27:01.351 [main] DEBUG nextflow.Session - Session start
May-14 11:27:01.367 [main] DEBUG nextflow.Session - Using default localLib path: /projects/chesler-lab/csna/sv_ferraj/SVTD/repo/isoSV/lib
May-14 11:27:01.370 [main] DEBUG nextflow.Session - Adding to the classpath library: /projects/chesler-lab/csna/sv_ferraj/SVTD/repo/isoSV/lib
May-14 11:27:01.750 [main] DEBUG nextflow.script.ScriptRunner - Parsed script files:
May-14 11:27:01.758 [main] DEBUG nextflow.Session - 
Thread[Finalizer,8,system]
  java.base@11.0.1/java.lang.Object.wait(Native Method)
  java.base@11.0.1/java.lang.ref.ReferenceQueue.remove(ReferenceQueue.java:155)
  java.base@11.0.1/java.lang.ref.ReferenceQueue.remove(ReferenceQueue.java:176)
  java.base@11.0.1/java.lang.ref.Finalizer$FinalizerThread.run(Finalizer.java:170)

Thread[Signal Dispatcher,9,system]

Thread[process reaper,10,system]
  java.base@11.0.1/jdk.internal.misc.Unsafe.park(Native Method)
  java.base@11.0.1/java.util.concurrent.locks.LockSupport.parkNanos(LockSupport.java:234)
  java.base@11.0.1/java.util.concurrent.SynchronousQueue$TransferStack.awaitFulfill(SynchronousQueue.java:462)
  java.base@11.0.1/java.util.concurrent.SynchronousQueue$TransferStack.transfer(SynchronousQueue.java:361)
  java.base@11.0.1/java.util.concurrent.SynchronousQueue.poll(SynchronousQueue.java:937)
  java.base@11.0.1/java.util.concurrent.ThreadPoolExecutor.getTask(ThreadPoolExecutor.java:1053)
  java.base@11.0.1/java.util.concurrent.ThreadPoolExecutor.runWorker(ThreadPoolExecutor.java:1114)
  java.base@11.0.1/java.util.concurrent.ThreadPoolExecutor$Worker.run(ThreadPoolExecutor.java:628)
  java.base@11.0.1/java.lang.Thread.run(Thread.java:834)

Thread[Common-Cleaner,8,InnocuousThreadGroup]
  java.base@11.0.1/java.lang.Object.wait(Native Method)
  java.base@11.0.1/java.lang.ref.ReferenceQueue.remove(ReferenceQueue.java:155)
  java.base@11.0.1/jdk.internal.ref.CleanerImpl.run(CleanerImpl.java:148)
  java.base@11.0.1/java.lang.Thread.run(Thread.java:834)
  java.base@11.0.1/jdk.internal.misc.InnocuousThread.run(InnocuousThread.java:134)

Thread[AnsiLogObserver,5,main]
  java.base@11.0.1/java.lang.Object.wait(Native Method)
  app//nextflow.trace.AnsiLogObserver.render0(AnsiLogObserver.groovy:185)
  java.base@11.0.1/jdk.internal.reflect.NativeMethodAccessorImpl.invoke0(Native Method)
  java.base@11.0.1/jdk.internal.reflect.NativeMethodAccessorImpl.invoke(NativeMethodAccessorImpl.java:62)
  java.base@11.0.1/jdk.internal.reflect.DelegatingMethodAccessorImpl.invoke(DelegatingMethodAccessorImpl.java:43)
  java.base@11.0.1/java.lang.reflect.Method.invoke(Method.java:566)
  app//org.codehaus.groovy.reflection.CachedMethod.invoke(CachedMethod.java:343)
  app//groovy.lang.MetaMethod.doMethodInvoke(MetaMethod.java:328)
  app//groovy.lang.MetaClassImpl.doInvokeMethod(MetaClassImpl.java:1333)
  app//groovy.lang.MetaClassImpl.invokeMethod(MetaClassImpl.java:1088)
  app//groovy.lang.MetaClassImpl.invokeMethodClosure(MetaClassImpl.java:1017)
  app//groovy.lang.MetaClassImpl.doInvokeMethod(MetaClassImpl.java:1207)
  app//groovy.lang.MetaClassImpl.invokeMethod(MetaClassImpl.java:1088)
  app//groovy.lang.MetaClassImpl.invokeMethod(MetaClassImpl.java:1007)
  app//groovy.lang.Closure.call(Closure.java:433)
  app//groovy.lang.Closure.call(Closure.java:412)
  app//groovy.lang.Closure.run(Closure.java:505)
  java.base@11.0.1/java.lang.Thread.run(Thread.java:834)

Thread[main,5,main]
  java.base@11.0.1/java.lang.Thread.dumpThreads(Native Method)
  java.base@11.0.1/java.lang.Thread.getAllStackTraces(Thread.java:1657)
  app//nextflow.util.SysHelper.dumpThreads(SysHelper.groovy:188)
  app//nextflow.Session.abort(Session.groovy:800)
  app//nextflow.script.ScriptRunner.execute(ScriptRunner.groovy:149)
  app//nextflow.cli.CmdRun.run(CmdRun.groovy:376)
  app//nextflow.cli.Launcher.run(Launcher.groovy:503)
  app//nextflow.cli.Launcher.main(Launcher.groovy:658)

Thread[Thread-1,5,main]
  java.base@11.0.1/jdk.internal.misc.Unsafe.park(Native Method)
  java.base@11.0.1/java.util.concurrent.locks.LockSupport.parkNanos(LockSupport.java:234)
  java.base@11.0.1/java.util.concurrent.locks.AbstractQueuedSynchronizer$ConditionObject.awaitNanos(AbstractQueuedSynchronizer.java:2123)
  java.base@11.0.1/java.util.concurrent.LinkedBlockingDeque.pollFirst(LinkedBlockingDeque.java:513)
  java.base@11.0.1/java.util.concurrent.LinkedBlockingDeque.poll(LinkedBlockingDeque.java:675)
  app//nextflow.util.SimpleAgent.run(SimpleAgent.groovy:89)
  java.base@11.0.1/jdk.internal.reflect.NativeMethodAccessorImpl.invoke0(Native Method)
  java.base@11.0.1/jdk.internal.reflect.NativeMethodAccessorImpl.invoke(NativeMethodAccessorImpl.java:62)
  java.base@11.0.1/jdk.internal.reflect.DelegatingMethodAccessorImpl.invoke(DelegatingMethodAccessorImpl.java:43)
  java.base@11.0.1/java.lang.reflect.Method.invoke(Method.java:566)
  app//org.codehaus.groovy.reflection.CachedMethod.invoke(CachedMethod.java:343)
  app//groovy.lang.MetaMethod.doMethodInvoke(MetaMethod.java:328)
  app//groovy.lang.MetaClassImpl.doInvokeMethod(MetaClassImpl.java:1333)
  app//groovy.lang.MetaClassImpl.invokeMethod(MetaClassImpl.java:1088)
  app//groovy.lang.MetaClassImpl.invokeMethodClosure(MetaClassImpl.java:1017)
  app//groovy.lang.MetaClassImpl.doInvokeMethod(MetaClassImpl.java:1207)
  app//groovy.lang.MetaClassImpl.invokeMethod(MetaClassImpl.java:1088)
  app//groovy.lang.MetaClassImpl.invokeMethod(MetaClassImpl.java:1007)
  app//groovy.lang.Closure.call(Closure.java:433)
  app//groovy.lang.Closure.call(Closure.java:412)
  app//groovy.lang.Closure.run(Closure.java:505)
  java.base@11.0.1/java.lang.Thread.run(Thread.java:834)

Thread[Reference Handler,10,system]
  java.base@11.0.1/java.lang.ref.Reference.waitForReferencePendingList(Native Method)
  java.base@11.0.1/java.lang.ref.Reference.processPendingReferences(Reference.java:241)
  java.base@11.0.1/java.lang.ref.Reference$ReferenceHandler.run(Reference.java:213)

May-14 11:27:01.766 [main] ERROR nextflow.cli.Launcher - Script compilation error
- file : /projects/chesler-lab/csna/sv_ferraj/SVTD/repo/isoSV/main.nf
- cause: Unexpected input: '{' @ line 19, column 10.
   workflow {
            ^

1 error

NOTE: If this is the beginning of a process or workflow, there may be a syntax error in the body, such as a missing or extra comma, for which a more specific error message could not be produced.
nextflow.exception.ScriptCompilationException: Script compilation error
- file : /projects/chesler-lab/csna/sv_ferraj/SVTD/repo/isoSV/main.nf
- cause: Unexpected input: '{' @ line 19, column 10.
   workflow {
            ^

1 error

NOTE: If this is the beginning of a process or workflow, there may be a syntax error in the body, such as a missing or extra comma, for which a more specific error message could not be produced.
	at nextflow.script.ScriptParser.parse0(ScriptParser.groovy:196)
	at nextflow.script.ScriptParser.parse(ScriptParser.groovy:206)
	at nextflow.script.ScriptRunner.parseScript(ScriptRunner.groovy:229)
	at nextflow.script.ScriptRunner.execute(ScriptRunner.groovy:136)
	at nextflow.cli.CmdRun.run(CmdRun.groovy:376)
	at nextflow.cli.Launcher.run(Launcher.groovy:503)
	at nextflow.cli.Launcher.main(Launcher.groovy:658)
Caused by: org.codehaus.groovy.control.MultipleCompilationErrorsException: startup failed:
Script_93a483173c0531f0: 19: Unexpected input: '{' @ line 19, column 10.
   workflow {
            ^

1 error

	at org.codehaus.groovy.control.ErrorCollector.failIfErrors(ErrorCollector.java:292)
	at org.codehaus.groovy.control.ErrorCollector.addFatalError(ErrorCollector.java:148)
	at org.apache.groovy.parser.antlr4.AstBuilder.collectSyntaxError(AstBuilder.java:4753)
	at org.apache.groovy.parser.antlr4.AstBuilder.access$100(AstBuilder.java:169)
	at org.apache.groovy.parser.antlr4.AstBuilder$3.syntaxError(AstBuilder.java:4764)
	at groovyjarjarantlr4.v4.runtime.ProxyErrorListener.syntaxError(ProxyErrorListener.java:44)
	at groovyjarjarantlr4.v4.runtime.Parser.notifyErrorListeners(Parser.java:543)
	at groovyjarjarantlr4.v4.runtime.DefaultErrorStrategy.notifyErrorListeners(DefaultErrorStrategy.java:154)
	at org.apache.groovy.parser.antlr4.internal.DescriptiveErrorStrategy.reportInputMismatch(DescriptiveErrorStrategy.java:104)
	at org.apache.groovy.parser.antlr4.internal.DescriptiveErrorStrategy.recover(DescriptiveErrorStrategy.java:55)
	at org.apache.groovy.parser.antlr4.internal.DescriptiveErrorStrategy.recoverInline(DescriptiveErrorStrategy.java:68)
	at groovyjarjarantlr4.v4.runtime.Parser.match(Parser.java:213)
	at org.apache.groovy.parser.antlr4.GroovyParser.compilationUnit(GroovyParser.java:368)
	at org.apache.groovy.parser.antlr4.AstBuilder.buildCST(AstBuilder.java:243)
	at org.apache.groovy.parser.antlr4.AstBuilder.buildCST(AstBuilder.java:221)
	at org.apache.groovy.parser.antlr4.AstBuilder.buildAST(AstBuilder.java:262)
	at org.apache.groovy.parser.antlr4.Antlr4ParserPlugin.buildAST(Antlr4ParserPlugin.java:58)
	at org.codehaus.groovy.control.SourceUnit.buildAST(SourceUnit.java:256)
	at java.base/java.util.Iterator.forEachRemaining(Iterator.java:133)
	at java.base/java.util.Spliterators$IteratorSpliterator.forEachRemaining(Spliterators.java:1801)
	at java.base/java.util.stream.ReferencePipeline$Head.forEach(ReferencePipeline.java:658)
	at org.codehaus.groovy.control.CompilationUnit.compile(CompilationUnit.java:663)
	at groovy.lang.GroovyClassLoader.doParseClass(GroovyClassLoader.java:373)
	at groovy.lang.GroovyClassLoader.lambda$parseClass$2(GroovyClassLoader.java:316)
	at org.codehaus.groovy.runtime.memoize.StampedCommonCache.compute(StampedCommonCache.java:163)
	at org.codehaus.groovy.runtime.memoize.StampedCommonCache.getAndPut(StampedCommonCache.java:154)
	at groovy.lang.GroovyClassLoader.parseClass(GroovyClassLoader.java:314)
	at groovy.lang.GroovyShell.parseClass(GroovyShell.java:572)
	at groovy.lang.GroovyShell.parse(GroovyShell.java:585)
	at groovy.lang.GroovyShell.parse(GroovyShell.java:639)
	at groovy.lang.GroovyShell.parse(GroovyShell.java:643)
	at nextflow.script.ScriptParser.parse0(ScriptParser.groovy:175)
	... 6 common frames omitted
