+ module load singularity
+ _module_raw load singularity
+ conda activate isoseq

CondaError: Run 'conda init' before 'conda activate'

+ nextflow run /projects/chesler-lab/csna/sv_ferraj/SVTD/repo/isoSV/isoSV.nf -work-dir /flashscratch/c-ferraa/isoSV/dev/work -resume
[33mNextflow 25.04.2 is available - Please consider updating your version to it(B[m

EPILOG
--
Job ID: 5491426
Cluster: sumner2
User/Group: c-ferraa/jaxuser
State: COMPLETED (exit code 0)
Nodes: 1
Cores per node: 2
CPU Utilized: 00:00:16
CPU Efficiency: 57.14% of 00:00:28 core-walltime
Job Wall-clock time: 00:00:14
Memory Utilized: 2.00 GB
Memory Efficiency: 99.88% of 2.00 GB
--
JobID           User      State      ExitCode  Partition  QOS    NodeList   CPUTime   MaxRSS    ReqTRES                           Submit               Start                End                  Elapsed
5491426         c-ferraa  COMPLETED  0:0       compute    batch  sumner042  00:00:28            billing=1,cpu=1,mem=2048M,node=1  2025-05-14T19:11:19  2025-05-14T19:11:19  2025-05-14T19:11:33  00:00:14
5491426.batch             COMPLETED  0:0                         sumner042  00:00:28  2045.60M                                    2025-05-14T19:11:19  2025-05-14T19:11:19  2025-05-14T19:11:33  00:00:14
5491426.extern            COMPLETED  0:0                         sumner042  00:00:28  0                                           2025-05-14T19:11:19  2025-05-14T19:11:19  2025-05-14T19:11:33  00:00:14
