+ module load singularity
+ _module_raw load singularity
+ conda activate isoseq

CondaError: Run 'conda init' before 'conda activate'

+ nextflow run /projects/chesler-lab/csna/sv_ferraj/SVTD/repo/isoSV/isoSV.nf -work-dir /flashscratch/c-ferraa/isoSV/dev/work -resume
[33mNextflow 25.04.2 is available - Please consider updating your version to it(B[m

EPILOG
--
Job ID: 5490936
Cluster: sumner2
User/Group: c-ferraa/jaxuser
State: COMPLETED (exit code 0)
Nodes: 1
Cores per node: 2
CPU Utilized: 00:00:17
CPU Efficiency: 1.53% of 00:18:28 core-walltime
Job Wall-clock time: 00:09:14
Memory Utilized: 1.45 GB
Memory Efficiency: 72.38% of 2.00 GB
--
JobID           User      State      ExitCode  Partition  QOS    NodeList   CPUTime   MaxRSS    ReqTRES                           Submit               Start                End                  Elapsed
5490936         c-ferraa  COMPLETED  0:0       compute    batch  sumner084  00:18:28            billing=1,cpu=1,mem=2048M,node=1  2025-05-14T16:21:41  2025-05-14T16:21:41  2025-05-14T16:30:55  00:09:14
5490936.batch             COMPLETED  0:0                         sumner084  00:18:28  1482.42M                                    2025-05-14T16:21:41  2025-05-14T16:21:41  2025-05-14T16:30:55  00:09:14
5490936.extern            COMPLETED  0:0                         sumner084  00:18:28  0                                           2025-05-14T16:21:41  2025-05-14T16:21:41  2025-05-14T16:30:55  00:09:14
