+ module load singularity
+ _module_raw load singularity
+ conda activate isoseq

CondaError: Run 'conda init' before 'conda activate'

+ nextflow run /projects/chesler-lab/csna/sv_ferraj/SVTD/repo/isoSV/isoSV.nf -work-dir /flashscratch/c-ferraa/isoSV/dev/work -resume
[33mNextflow 25.04.2 is available - Please consider updating your version to it(B[m

EPILOG
--
Job ID: 5490994
Cluster: sumner2
User/Group: c-ferraa/jaxuser
State: COMPLETED (exit code 0)
Nodes: 1
Cores per node: 2
CPU Utilized: 00:00:14
CPU Efficiency: 46.67% of 00:00:30 core-walltime
Job Wall-clock time: 00:00:15
Memory Utilized: 342.76 MB
Memory Efficiency: 16.74% of 2.00 GB
--
JobID           User      State      ExitCode  Partition  QOS    NodeList   CPUTime   MaxRSS   ReqTRES                           Submit               Start                End                  Elapsed
5490994         c-ferraa  COMPLETED  0:0       compute    batch  sumner068  00:00:30           billing=1,cpu=1,mem=2048M,node=1  2025-05-14T17:10:16  2025-05-14T17:10:19  2025-05-14T17:10:34  00:00:15
5490994.batch             COMPLETED  0:0                         sumner068  00:00:30  342.76M                                    2025-05-14T17:10:19  2025-05-14T17:10:19  2025-05-14T17:10:34  00:00:15
5490994.extern            COMPLETED  0:0                         sumner068  00:00:30  0                                          2025-05-14T17:10:19  2025-05-14T17:10:19  2025-05-14T17:10:34  00:00:15
