+ module load singularity
+ _module_raw load singularity
+ conda activate isoseq

CondaError: Run 'conda init' before 'conda activate'

+ nextflow run /projects/chesler-lab/csna/sv_ferraj/SVTD/repo/isoSV/isoSV.nf -work-dir /flashscratch/c-ferraa/isoSV/dev/work -resume
[33mNextflow 25.04.2 is available - Please consider updating your version to it(B[m

EPILOG
--
Job ID: 5490019
Cluster: sumner2
User/Group: c-ferraa/jaxuser
State: COMPLETED (exit code 0)
Nodes: 1
Cores per node: 2
CPU Utilized: 00:00:25
CPU Efficiency: 0.31% of 02:14:48 core-walltime
Job Wall-clock time: 01:07:24
Memory Utilized: 2.00 GB
Memory Efficiency: 99.86% of 2.00 GB
--
JobID           User      State      ExitCode  Partition  QOS    NodeList   CPUTime   MaxRSS    ReqTRES                           Submit               Start                End                  Elapsed
5490019         c-ferraa  COMPLETED  0:0       compute    batch  sumner094  02:14:48            billing=1,cpu=1,mem=2048M,node=1  2025-05-14T14:52:55  2025-05-14T14:52:55  2025-05-14T16:00:19  01:07:24
5490019.batch             COMPLETED  0:0                         sumner094  02:14:48  2045.19M                                    2025-05-14T14:52:55  2025-05-14T14:52:55  2025-05-14T16:00:19  01:07:24
5490019.extern            COMPLETED  0:0                         sumner094  02:14:48  0                                           2025-05-14T14:52:55  2025-05-14T14:52:55  2025-05-14T16:00:19  01:07:24
