+ module load singularity
+ _module_raw load singularity
+ conda activate isoseq

CondaError: Run 'conda init' before 'conda activate'

+ nextflow run /projects/chesler-lab/csna/sv_ferraj/SVTD/repo/isoSV/isoSV.nf -work-dir /flashscratch/c-ferraa/isoSV/dev/work -resume
[33mNextflow 25.04.2 is available - Please consider updating your version to it(B[m

EPILOG
--
Job ID: 5490979
Cluster: sumner2
User/Group: c-ferraa/jaxuser
State: COMPLETED (exit code 0)
Nodes: 1
Cores per node: 2
CPU Utilized: 00:00:15
CPU Efficiency: 17.05% of 00:01:28 core-walltime
Job Wall-clock time: 00:00:44
Memory Utilized: 719.97 MB
Memory Efficiency: 35.15% of 2.00 GB
--
JobID           User      State      ExitCode  Partition  QOS    NodeList   CPUTime   MaxRSS   ReqTRES                           Submit               Start                End                  Elapsed
5490979         c-ferraa  COMPLETED  0:0       compute    batch  sumner096  00:01:28           billing=1,cpu=1,mem=2048M,node=1  2025-05-14T16:57:08  2025-05-14T16:57:09  2025-05-14T16:57:53  00:00:44
5490979.batch             COMPLETED  0:0                         sumner096  00:01:28  719.97M                                    2025-05-14T16:57:09  2025-05-14T16:57:09  2025-05-14T16:57:53  00:00:44
5490979.extern            COMPLETED  0:0                         sumner096  00:01:28  0                                          2025-05-14T16:57:09  2025-05-14T16:57:09  2025-05-14T16:57:53  00:00:44
